<?xml version="1.0" encoding="UTF-8"?>
<!-- Generated by org.testng.reporters.JUnitReportReporter -->
<testsuite hostname="DESKTOP-T0FEKI0" failures="0" tests="9" name="automation.AutomationPractice.CheckOutTest" time="51.665" errors="0" timestamp="2022-10-29T18:42:41 PKT" skipped="0">
  <testcase classname="automation.AutomationPractice.CheckOutTest" name="addToCart" time="15.679"/>
  <system-out/>
  <testcase classname="automation.AutomationPractice.CheckOutTest" name="Validate_ProceedToCheckOutBtn" time="3.956"/>
  <system-out/>
  <testcase classname="automation.AutomationPractice.CheckOutTest" name="validate_User_authentication" time="9.047"/>
  <system-out/>
  <testcase classname="automation.AutomationPractice.CheckOutTest" name="validate_AddrPage_proceedBtn" time="2.564"/>
  <system-out/>
  <testcase classname="automation.AutomationPractice.CheckOutTest" name="validate_ShippingPage_TOsCheckBOx" time="0.397"/>
  <system-out/>
  <testcase classname="automation.AutomationPractice.CheckOutTest" name="validate_ShppingProceedBtn" time="2.160"/>
  <system-out/>
  <testcase classname="automation.AutomationPractice.CheckOutTest" name="validate_PaymentPageTab" time="0.152"/>
  <system-out/>
  <testcase classname="automation.AutomationPractice.CheckOutTest" name="validate_PaymentPageTXT" time="0.158"/>
  <system-out/>
  <testcase classname="automation.AutomationPractice.CheckOutTest" name="validate_PaymentMethods" time="17.552"/>
  <system-out/>
</testsuite> <!-- automation.AutomationPractice.CheckOutTest -->
