<?xml version="1.0" encoding="UTF-8"?>
<!-- Generated by org.testng.reporters.JUnitReportReporter -->
<testsuite hostname="TAUSEEF" failures="0" tests="3" name="automation.AutomationPractice.testtt" time="0.954" errors="0" timestamp="2022-10-03T11:03:02 PKT" skipped="0">
  <testcase classname="automation.AutomationPractice.testtt" name="validateProductsPrice" time="0.195"/>
  <system-out>
    <![CDATA[Product price fetched from UI is :$16.51
Product price fetched from UI is :
Product price fetched from UI is :$26.00
Product price fetched from UI is :$50.99
Product price fetched from UI is :$28.98 $30.51 -5%
Product price fetched from UI is :$30.50
Product price fetched from UI is :$16.40 $20.50 -20%]]>
  </system-out>
  <testcase classname="automation.AutomationPractice.testtt" name="validateProductsImage" time="0.545"/>
  <system-out/>
  <testcase classname="automation.AutomationPractice.testtt" name="validateProductsTitle" time="0.214"/>
  <system-out>
    <![CDATA[Product Name  fetched as:Faded Short Sleeve T-shirts
Product Name  fetched as:Blouse
Product Name  fetched as:Printed Dress
Product Name  fetched as:Printed Dress
Product Name  fetched as:Printed Summer Dress
Product Name  fetched as:Printed Summer Dress
Product Name  fetched as:Printed Chiffon Dress]]>
  </system-out>
</testsuite> <!-- automation.AutomationPractice.testtt -->
