<?xml version="1.0" encoding="UTF-8"?>
<!-- Generated by org.testng.reporters.JUnitReportReporter -->
<testsuite hostname="TAUSEEF" failures="0" tests="17" name="automation.AutomationPractice.HomePageTest" time="10.950" errors="0" timestamp="2022-10-10T12:33:02 PKT" skipped="0">
  <testcase classname="automation.AutomationPractice.HomePageTest" name="leftBannerImageVisibility" time="0.478"/>
  <system-out/>
  <testcase classname="automation.AutomationPractice.HomePageTest" name="leftBannerTitleVisibility" time="0.370"/>
  <system-out/>
  <testcase classname="automation.AutomationPractice.HomePageTest" name="leftBannerDescriptionVisibility" time="0.327"/>
  <system-out/>
  <testcase classname="automation.AutomationPractice.HomePageTest" name="leftBannerShopBTNVisibility" time="0.324"/>
  <system-out/>
  <testcase classname="automation.AutomationPractice.HomePageTest" name="rightUpBannerVisiblity" time="0.026"/>
  <system-out/>
  <testcase classname="automation.AutomationPractice.HomePageTest" name="rightDownBannerVisiblity" time="0.025"/>
  <system-out/>
  <testcase classname="automation.AutomationPractice.HomePageTest" name="productTabsVerification" time="0.740"/>
  <system-out/>
  <testcase classname="automation.AutomationPractice.HomePageTest" name="validateProductsTitle" time="0.354"/>
  <system-out>
    <![CDATA[Product Name  fetched as:Faded Short Sleeve T-shirts
Product Name  fetched as:Blouse
Product Name  fetched as:Printed Dress
Product Name  fetched as:Printed Dress
Product Name  fetched as:Printed Summer Dress
Product Name  fetched as:Printed Summer Dress
Product Name  fetched as:Printed Chiffon Dress]]>
  </system-out>
  <testcase classname="automation.AutomationPractice.HomePageTest" name="validateProductsPrice" time="0.130"/>
  <system-out>
    <![CDATA[Product price fetched from UI is :
Product price fetched from UI is :$27.00
Product price fetched from UI is :$26.00
Product price fetched from UI is :$50.99
Product price fetched from UI is :$28.98 $30.51 -5%
Product price fetched from UI is :$30.50
Product price fetched from UI is :$16.40 $20.50 -20%]]>
  </system-out>
  <testcase classname="automation.AutomationPractice.HomePageTest" name="validateProductsImage" time="0.266"/>
  <system-out/>
  <testcase classname="automation.AutomationPractice.HomePageTest" name="validateProductQuickViewBtnHover" time="0.225"/>
  <system-out/>
  <testcase classname="automation.AutomationPractice.HomePageTest" name="quickViewValidateIMG" time="7.426"/>
  <system-out/>
  <testcase classname="automation.AutomationPractice.HomePageTest" name="quickView_ValidateIMG_BottomList" time="0.110"/>
  <system-out/>
  <testcase classname="automation.AutomationPractice.HomePageTest" name="quickView_Validate_product_Title" time="0.044"/>
  <system-out/>
  <testcase classname="automation.AutomationPractice.HomePageTest" name="quickView_Validate_product_SKU" time="0.031"/>
  <system-out/>
  <testcase classname="automation.AutomationPractice.HomePageTest" name="quickView_Validate_product_ConditionType" time="0.036"/>
  <system-out/>
  <testcase classname="automation.AutomationPractice.HomePageTest" name="quickView_Validate_product_DESC" time="0.038"/>
  <system-out/>
</testsuite> <!-- automation.AutomationPractice.HomePageTest -->
