<?xml version="1.0" encoding="UTF-8"?>
<!-- Generated by org.testng.reporters.JUnitReportReporter -->
<testsuite hostname="TAUSEEF" failures="0" tests="1" name="automation.AutomationPractice.testtt" time="0.445" errors="0" timestamp="2022-09-14T22:10:32 PKT" skipped="0">
  <testcase classname="automation.AutomationPractice.testtt" name="atest" time="0.445"/>
  <system-out/>
</testsuite> <!-- automation.AutomationPractice.testtt -->
