<?xml version="1.0" encoding="UTF-8"?>
<!-- Generated by org.testng.reporters.JUnitReportReporter -->
<testsuite hostname="TAUSEEF" failures="0" tests="23" name="automation.AutomationPractice.HomePageTest" time="23.426" errors="0" timestamp="2022-10-12T12:52:33 PKT" skipped="0">
  <testcase classname="automation.AutomationPractice.HomePageTest" name="leftBannerImageVisibility" time="0.444"/>
  <system-out/>
  <testcase classname="automation.AutomationPractice.HomePageTest" name="leftBannerTitleVisibility" time="0.344"/>
  <system-out/>
  <testcase classname="automation.AutomationPractice.HomePageTest" name="leftBannerDescriptionVisibility" time="0.355"/>
  <system-out/>
  <testcase classname="automation.AutomationPractice.HomePageTest" name="leftBannerShopBTNVisibility" time="0.337"/>
  <system-out/>
  <testcase classname="automation.AutomationPractice.HomePageTest" name="rightUpBannerVisiblity" time="0.029"/>
  <system-out/>
  <testcase classname="automation.AutomationPractice.HomePageTest" name="rightDownBannerVisiblity" time="0.029"/>
  <system-out/>
  <testcase classname="automation.AutomationPractice.HomePageTest" name="productTabsVerification" time="0.736"/>
  <system-out/>
  <testcase classname="automation.AutomationPractice.HomePageTest" name="validateProductsTitle" time="0.191"/>
  <system-out>
    <![CDATA[Product Name  fetched as:Faded Short Sleeve T-shirts
Product Name  fetched as:Blouse
Product Name  fetched as:Printed Dress
Product Name  fetched as:Printed Dress
Product Name  fetched as:Printed Summer Dress
Product Name  fetched as:Printed Summer Dress
Product Name  fetched as:Printed Chiffon Dress]]>
  </system-out>
  <testcase classname="automation.AutomationPractice.HomePageTest" name="validateProductsPrice" time="0.127"/>
  <system-out>
    <![CDATA[Product price fetched from UI is :
Product price fetched from UI is :$27.00
Product price fetched from UI is :$26.00
Product price fetched from UI is :$50.99
Product price fetched from UI is :$28.98 $30.51 -5%
Product price fetched from UI is :$30.50
Product price fetched from UI is :$16.40 $20.50 -20%]]>
  </system-out>
  <testcase classname="automation.AutomationPractice.HomePageTest" name="validateProductsImage" time="0.259"/>
  <system-out/>
  <testcase classname="automation.AutomationPractice.HomePageTest" name="validateProductQuickViewBtnHover" time="0.218"/>
  <system-out/>
  <testcase classname="automation.AutomationPractice.HomePageTest" name="quickViewValidateIMG" time="8.769"/>
  <system-out/>
  <testcase classname="automation.AutomationPractice.HomePageTest" name="quickView_ValidateIMG_BottomList" time="0.124"/>
  <system-out/>
  <testcase classname="automation.AutomationPractice.HomePageTest" name="quickView_Validate_product_Title" time="0.042"/>
  <system-out/>
  <testcase classname="automation.AutomationPractice.HomePageTest" name="quickView_Validate_product_SKU" time="0.034"/>
  <system-out/>
  <testcase classname="automation.AutomationPractice.HomePageTest" name="quickView_Validate_product_ConditionType" time="0.037"/>
  <system-out/>
  <testcase classname="automation.AutomationPractice.HomePageTest" name="quickView_Validate_product_DESC" time="0.040"/>
  <system-out/>
  <testcase classname="automation.AutomationPractice.HomePageTest" name="quickView_Validate_Prices" time="0.061"/>
  <system-out/>
  <testcase classname="automation.AutomationPractice.HomePageTest" name="validateQuanitityLabel" time="0.037"/>
  <system-out/>
  <testcase classname="automation.AutomationPractice.HomePageTest" name="validate_quickView_Quanitity" time="0.638"/>
  <system-out/>
  <testcase classname="automation.AutomationPractice.HomePageTest" name="validate_quickView_Size" time="0.228"/>
  <system-out/>
  <testcase classname="automation.AutomationPractice.HomePageTest" name="validate_quickView_ProductColor" time="10.194"/>
  <system-out/>
  <testcase classname="automation.AutomationPractice.HomePageTest" name="validate_quickView_ProductAddCartBtn" time="0.153"/>
  <system-out/>
</testsuite> <!-- automation.AutomationPractice.HomePageTest -->
