<?xml version="1.0" encoding="UTF-8"?>
<!-- Generated by org.testng.reporters.JUnitReportReporter -->
<testsuite hostname="TAUSEEF" failures="0" tests="1" name="automation.AutomationPractice.testtt" time="0.042" errors="0" timestamp="2022-10-08T15:35:06 PKT" skipped="0">
  <testcase classname="automation.AutomationPractice.testtt" name="switchToiFrame" time="0.042"/>
  <system-out/>
</testsuite> <!-- automation.AutomationPractice.testtt -->
