<?xml version="1.0" encoding="UTF-8"?>
<!-- Generated by org.testng.reporters.JUnitReportReporter -->
<testsuite hostname="TAUSEEF" failures="0" tests="10" name="automation.AutomationPractice.HomePageTest" time="2.886" errors="0" timestamp="2022-10-03T11:44:47 PKT" skipped="0">
  <testcase classname="automation.AutomationPractice.HomePageTest" name="leftBannerImageVisibility" time="0.459"/>
  <system-out/>
  <testcase classname="automation.AutomationPractice.HomePageTest" name="leftBannerTitleVisibility" time="0.351"/>
  <system-out/>
  <testcase classname="automation.AutomationPractice.HomePageTest" name="leftBannerDescriptionVisibility" time="0.333"/>
  <system-out/>
  <testcase classname="automation.AutomationPractice.HomePageTest" name="leftBannerShopBTNVisibility" time="0.345"/>
  <system-out/>
  <testcase classname="automation.AutomationPractice.HomePageTest" name="rightUpBannerVisiblity" time="0.031"/>
  <system-out/>
  <testcase classname="automation.AutomationPractice.HomePageTest" name="rightDownBannerVisiblity" time="0.033"/>
  <system-out/>
  <testcase classname="automation.AutomationPractice.HomePageTest" name="productTabsVerification" time="0.744"/>
  <system-out/>
  <testcase classname="automation.AutomationPractice.HomePageTest" name="validateProductsTitle" time="0.189"/>
  <system-out>
    <![CDATA[Product Name  fetched as:Faded Short Sleeve T-shirts
Product Name  fetched as:Blouse
Product Name  fetched as:Printed Dress
Product Name  fetched as:Printed Dress
Product Name  fetched as:Printed Summer Dress
Product Name  fetched as:Printed Summer Dress
Product Name  fetched as:Printed Chiffon Dress]]>
  </system-out>
  <testcase classname="automation.AutomationPractice.HomePageTest" name="validateProductsPrice" time="0.133"/>
  <system-out>
    <![CDATA[Product price fetched from UI is :
Product price fetched from UI is :$27.00
Product price fetched from UI is :$26.00
Product price fetched from UI is :$50.99
Product price fetched from UI is :$28.98 $30.51 -5%
Product price fetched from UI is :$30.50
Product price fetched from UI is :$16.40 $20.50 -20%]]>
  </system-out>
  <testcase classname="automation.AutomationPractice.HomePageTest" name="validateProductsImage" time="0.268"/>
  <system-out/>
</testsuite> <!-- automation.AutomationPractice.HomePageTest -->
