<?xml version="1.0" encoding="UTF-8"?>
<!-- Generated by org.testng.reporters.JUnitReportReporter -->
<testsuite hostname="DESKTOP-0H4HHFT" failures="0" tests="1" name="automation.AutomationPractice.testClass" time="9.684" errors="0" timestamp="2022-08-27T12:55:45 PKT" skipped="0">
  <testcase classname="automation.AutomationPractice.testClass" name="asd" time="9.684"/>
  <system-out/>
</testsuite> <!-- automation.AutomationPractice.testClass -->
