<?xml version="1.0" encoding="UTF-8"?>
<!-- Generated by org.testng.reporters.JUnitReportReporter -->
<testsuite hostname="DESKTOP-T0FEKI0" failures="1" tests="27" name="automation.AutomationPractice.HomePageTest" time="139.510" errors="0" timestamp="2022-10-29T18:42:41 PKT" skipped="0">
  <testcase classname="automation.AutomationPractice.HomePageTest" name="leftBannerImageVisibility" time="0.895"/>
  <system-out/>
  <testcase classname="automation.AutomationPractice.HomePageTest" name="leftBannerTitleVisibility" time="0.724"/>
  <system-out/>
  <testcase classname="automation.AutomationPractice.HomePageTest" name="leftBannerDescriptionVisibility" time="0.565"/>
  <system-out/>
  <testcase classname="automation.AutomationPractice.HomePageTest" name="leftBannerShopBTNVisibility" time="0.564"/>
  <system-out/>
  <testcase classname="automation.AutomationPractice.HomePageTest" name="rightUpBannerVisiblity" time="0.080"/>
  <system-out/>
  <testcase classname="automation.AutomationPractice.HomePageTest" name="rightDownBannerVisiblity" time="0.062"/>
  <system-out/>
  <testcase classname="automation.AutomationPractice.HomePageTest" name="productTabsVerification" time="0.925"/>
  <system-out/>
  <testcase classname="automation.AutomationPractice.HomePageTest" name="validateProductsTitle" time="0.378"/>
  <system-out>
    <![CDATA[Product Name  fetched as:Faded Short Sleeve T-shirts
Product Name  fetched as:Blouse
Product Name  fetched as:Printed Dress
Product Name  fetched as:Printed Dress
Product Name  fetched as:Printed Summer Dress
Product Name  fetched as:Printed Summer Dress
Product Name  fetched as:Printed Chiffon Dress]]>
  </system-out>
  <testcase classname="automation.AutomationPractice.HomePageTest" name="validateProductsPrice" time="0.243"/>
  <system-out>
    <![CDATA[Product price fetched from UI is :
Product price fetched from UI is :$27.00
Product price fetched from UI is :$26.00
Product price fetched from UI is :$50.99
Product price fetched from UI is :$28.98 $30.51 -5%
Product price fetched from UI is :$30.50
Product price fetched from UI is :$16.40 $20.50 -20%]]>
  </system-out>
  <testcase classname="automation.AutomationPractice.HomePageTest" name="validateProductsImage" time="0.148">
    <failure message="Product Image visiblity expected [true] but found [false]" type="java.lang.AssertionError">
      <![CDATA[java.lang.AssertionError: Product Image visiblity expected [true] but found [false]
at org.testng.Assert.fail(Assert.java:99)
at org.testng.Assert.failNotEquals(Assert.java:1037)
at org.testng.Assert.assertTrue(Assert.java:45)
at automation.AutomationPractice.HomePageTest.validateProductsImage(HomePageTest.java:292)
at java.base/jdk.internal.reflect.DirectMethodHandleAccessor.invoke(DirectMethodHandleAccessor.java:104)
at java.base/java.lang.reflect.Method.invoke(Method.java:578)
at org.testng.internal.MethodInvocationHelper.invokeMethod(MethodInvocationHelper.java:133)
at org.testng.internal.TestInvoker.invokeMethod(TestInvoker.java:598)
at org.testng.internal.TestInvoker.invokeTestMethod(TestInvoker.java:173)
at org.testng.internal.MethodRunner.runInSequence(MethodRunner.java:46)
at org.testng.internal.TestInvoker$MethodInvocationAgent.invoke(TestInvoker.java:824)
at org.testng.internal.TestInvoker.invokeTestMethods(TestInvoker.java:146)
at org.testng.internal.TestMethodWorker.invokeTestMethods(TestMethodWorker.java:146)
at org.testng.internal.TestMethodWorker.run(TestMethodWorker.java:128)
at java.base/java.util.ArrayList.forEach(ArrayList.java:1511)
at org.testng.TestRunner.privateRun(TestRunner.java:794)
at org.testng.TestRunner.run(TestRunner.java:596)
at org.testng.SuiteRunner.runTest(SuiteRunner.java:377)
at org.testng.SuiteRunner.runSequentially(SuiteRunner.java:371)
at org.testng.SuiteRunner.privateRun(SuiteRunner.java:332)
at org.testng.SuiteRunner.run(SuiteRunner.java:276)
at org.testng.SuiteRunnerWorker.runSuite(SuiteRunnerWorker.java:53)
at org.testng.SuiteRunnerWorker.run(SuiteRunnerWorker.java:96)
at org.testng.TestNG.runSuitesSequentially(TestNG.java:1212)
at org.testng.TestNG.runSuitesLocally(TestNG.java:1134)
at org.testng.TestNG.runSuites(TestNG.java:1063)
at org.testng.TestNG.run(TestNG.java:1031)
at org.testng.remote.AbstractRemoteTestNG.run(AbstractRemoteTestNG.java:115)
at org.testng.remote.RemoteTestNG.initAndRun(RemoteTestNG.java:251)
at org.testng.remote.RemoteTestNG.main(RemoteTestNG.java:77)
]]>
    </failure>
  </testcase> <!-- validateProductsImage -->
  <system-out/>
  <testcase classname="automation.AutomationPractice.HomePageTest" name="validateProductQuickViewBtnHover" time="0.404"/>
  <system-out/>
  <testcase classname="automation.AutomationPractice.HomePageTest" name="quickViewValidateIMG" time="7.705"/>
  <system-out/>
  <testcase classname="automation.AutomationPractice.HomePageTest" name="quickView_ValidateIMG_BottomList" time="0.156"/>
  <system-out/>
  <testcase classname="automation.AutomationPractice.HomePageTest" name="quickView_Validate_product_Title" time="0.139"/>
  <system-out/>
  <testcase classname="automation.AutomationPractice.HomePageTest" name="quickView_Validate_product_SKU" time="0.054"/>
  <system-out/>
  <testcase classname="automation.AutomationPractice.HomePageTest" name="quickView_Validate_product_ConditionType" time="0.048"/>
  <system-out/>
  <testcase classname="automation.AutomationPractice.HomePageTest" name="quickView_Validate_product_DESC" time="0.057"/>
  <system-out/>
  <testcase classname="automation.AutomationPractice.HomePageTest" name="quickView_Validate_Prices" time="0.108"/>
  <system-out/>
  <testcase classname="automation.AutomationPractice.HomePageTest" name="validateQuanitityLabel" time="0.054"/>
  <system-out/>
  <testcase classname="automation.AutomationPractice.HomePageTest" name="validate_quickView_Quanitity" time="0.739"/>
  <system-out/>
  <testcase classname="automation.AutomationPractice.HomePageTest" name="validate_quickView_Size" time="0.283"/>
  <system-out/>
  <testcase classname="automation.AutomationPractice.HomePageTest" name="validate_quickView_ProductColor" time="10.494"/>
  <system-out/>
  <testcase classname="automation.AutomationPractice.HomePageTest" name="validate_quickView_ProductAddCartBtn" time="0.379"/>
  <system-out/>
  <testcase classname="automation.AutomationPractice.HomePageTest" name="validate_quickView_Proceed_CheckoutBtn" time="5.604"/>
  <system-out/>
  <testcase classname="automation.AutomationPractice.HomePageTest" name="validate_quickView_continueShopBtn" time="0.156"/>
  <system-out/>
  <testcase classname="automation.AutomationPractice.HomePageTest" name="validateProductMoreBtnHover" time="11.035"/>
  <system-out/>
  <testcase classname="automation.AutomationPractice.HomePageTest" name="validateProduct_cart" time="97.511"/>
  <system-out/>
</testsuite> <!-- automation.AutomationPractice.HomePageTest -->
