<?xml version="1.0" encoding="UTF-8"?>
<!-- Generated by org.testng.reporters.JUnitReportReporter -->
<testsuite hostname="TAUSEEF" failures="0" tests="1" name="automation.AutomationPractice.testtt" time="3.076" errors="0" timestamp="2022-10-14T13:12:55 PKT" skipped="0">
  <testcase classname="automation.AutomationPractice.testtt" name="switchToiTabs" time="3.076"/>
  <system-out/>
</testsuite> <!-- automation.AutomationPractice.testtt -->
