<?xml version="1.0" encoding="UTF-8"?>
<!-- Generated by org.testng.reporters.JUnitReportReporter -->
<testsuite hostname="DESKTOP-0H4HHFT" failures="0" tests="1" name="automation.AutomationPractice.ContactUs" time="31.486" errors="0" timestamp="2022-08-27T20:47:49 PKT" skipped="0">
  <testcase classname="automation.AutomationPractice.ContactUs" name="submitMessage" time="31.486"/>
  <system-out/>
</testsuite> <!-- automation.AutomationPractice.ContactUs -->
